[2025-03-24T09:31:13.229+0000] {manager.py:483} INFO - Processing files using up to 2 processes at a time 
[2025-03-24T09:31:13.229+0000] {manager.py:484} INFO - Process each file at most once every 30 seconds
[2025-03-24T09:31:13.230+0000] {manager.py:485} INFO - Checking for new files in /opt/airflow/dags every 300 seconds
[2025-03-24T09:31:13.230+0000] {manager.py:821} INFO - Searching for files in /opt/airflow/dags
[2025-03-24T09:31:13.231+0000] {manager.py:824} INFO - There are 1 files in /opt/airflow/dags
[2025-03-24T09:31:13.253+0000] {manager.py:997} INFO - 
================================================================================
DAG File Processing Stats

File Path                             PID  Runtime      # DAGs    # Errors  Last Runtime    Last Run      Last # of DB Queries
----------------------------------  -----  ---------  --------  ----------  --------------  ----------  ----------------------
/opt/airflow/dags/data_pipeline.py    168  0.01s             0           0                                                   0
================================================================================
[2025-03-24T09:31:43.480+0000] {manager.py:997} INFO - 
================================================================================
DAG File Processing Stats

File Path                           PID    Runtime      # DAGs    # Errors  Last Runtime    Last Run               Last # of DB Queries
----------------------------------  -----  ---------  --------  ----------  --------------  -------------------  ----------------------
/opt/airflow/dags/data_pipeline.py                           1           0  0.62s           2025-03-24T09:31:13                      43
================================================================================
[2025-03-24T09:32:13.629+0000] {manager.py:997} INFO - 
================================================================================
DAG File Processing Stats

File Path                           PID    Runtime      # DAGs    # Errors  Last Runtime    Last Run               Last # of DB Queries
----------------------------------  -----  ---------  --------  ----------  --------------  -------------------  ----------------------
/opt/airflow/dags/data_pipeline.py                           1           0  0.21s           2025-03-24T09:31:44                      10
================================================================================
[2025-03-24T09:32:43.892+0000] {manager.py:997} INFO - 
================================================================================
DAG File Processing Stats

File Path                           PID    Runtime      # DAGs    # Errors  Last Runtime    Last Run               Last # of DB Queries
----------------------------------  -----  ---------  --------  ----------  --------------  -------------------  ----------------------
/opt/airflow/dags/data_pipeline.py                           1           0  0.22s           2025-03-24T09:32:14                      10
================================================================================
[2025-03-24T09:33:14.167+0000] {manager.py:997} INFO - 
================================================================================
DAG File Processing Stats

File Path                           PID    Runtime      # DAGs    # Errors  Last Runtime    Last Run               Last # of DB Queries
----------------------------------  -----  ---------  --------  ----------  --------------  -------------------  ----------------------
/opt/airflow/dags/data_pipeline.py                           1           0  0.21s           2025-03-24T09:32:45                      10
================================================================================
[2025-03-24T09:33:44.662+0000] {manager.py:997} INFO - 
================================================================================
DAG File Processing Stats

File Path                           PID    Runtime      # DAGs    # Errors  Last Runtime    Last Run               Last # of DB Queries
----------------------------------  -----  ---------  --------  ----------  --------------  -------------------  ----------------------
/opt/airflow/dags/data_pipeline.py                           1           0  0.22s           2025-03-24T09:33:15                      10
================================================================================
[2025-03-24T09:34:05.099+0000] {manager.py:465} INFO - Exiting gracefully upon receiving signal 15
